{"D:\\vuecli4\\src\\main.js": {"path":"D:\\vuecli4\\src\\main.js","statementMap":{"0":{"start":{"line":11,"column":0},"end":{"line":11,"column":19}},"1":{"start":{"line":12,"column":0},"end":{"line":12,"column":33}},"2":{"start":{"line":13,"column":0},"end":{"line":13,"column":40}},"3":{"start":{"line":14,"column":0},"end":{"line":18,"column":18}},"4":{"start":{"line":17,"column":15},"end":{"line":17,"column":21}}},"fnMap":{"0":{"name":"(anonymous_0)","decl":{"start":{"line":17,"column":10},"end":{"line":17,"column":11}},"loc":{"start":{"line":17,"column":15},"end":{"line":17,"column":21}},"line":17}},"branchMap":{},"s":{"0":0,"1":0,"2":0,"3":0,"4":0},"f":{"0":0},"b":{},"hash":"a510875fee4a3b2d9e86a9586f8953e2151a6109"}
,"D:\\vuecli4\\src\\permission.js": {"path":"D:\\vuecli4\\src\\permission.js","statementMap":{"0":{"start":{"line":6,"column":18},"end":{"line":6,"column":28}},"1":{"start":{"line":8,"column":0},"end":{"line":48,"column":3}},"2":{"start":{"line":10,"column":19},"end":{"line":10,"column":29}},"3":{"start":{"line":11,"column":2},"end":{"line":47,"column":3}},"4":{"start":{"line":12,"column":4},"end":{"line":40,"column":5}},"5":{"start":{"line":14,"column":6},"end":{"line":14,"column":16}},"6":{"start":{"line":17,"column":23},"end":{"line":17,"column":76}},"7":{"start":{"line":18,"column":6},"end":{"line":39,"column":7}},"8":{"start":{"line":19,"column":8},"end":{"line":19,"column":15}},"9":{"start":{"line":21,"column":8},"end":{"line":38,"column":9}},"10":{"start":{"line":23,"column":28},"end":{"line":23,"column":64}},"11":{"start":{"line":25,"column":31},"end":{"line":28,"column":11}},"12":{"start":{"line":30,"column":10},"end":{"line":30,"column":41}},"13":{"start":{"line":32,"column":10},"end":{"line":32,"column":41}},"14":{"start":{"line":35,"column":10},"end":{"line":35,"column":50}},"15":{"start":{"line":36,"column":10},"end":{"line":36,"column":46}},"16":{"start":{"line":37,"column":10},"end":{"line":37,"column":45}},"17":{"start":{"line":42,"column":4},"end":{"line":46,"column":5}},"18":{"start":{"line":43,"column":6},"end":{"line":43,"column":13}},"19":{"start":{"line":45,"column":6},"end":{"line":45,"column":41}}},"fnMap":{"0":{"name":"(anonymous_0)","decl":{"start":{"line":8,"column":18},"end":{"line":8,"column":19}},"loc":{"start":{"line":8,"column":44},"end":{"line":48,"column":1}},"line":8}},"branchMap":{"0":{"loc":{"start":{"line":11,"column":2},"end":{"line":47,"column":3}},"type":"if","locations":[{"start":{"line":11,"column":2},"end":{"line":47,"column":3}},{"start":{"line":11,"column":2},"end":{"line":47,"column":3}}],"line":11},"1":{"loc":{"start":{"line":12,"column":4},"end":{"line":40,"column":5}},"type":"if","locations":[{"start":{"line":12,"column":4},"end":{"line":40,"column":5}},{"start":{"line":12,"column":4},"end":{"line":40,"column":5}}],"line":12},"2":{"loc":{"start":{"line":17,"column":23},"end":{"line":17,"column":76}},"type":"binary-expr","locations":[{"start":{"line":17,"column":23},"end":{"line":17,"column":42}},{"start":{"line":17,"column":46},"end":{"line":17,"column":76}}],"line":17},"3":{"loc":{"start":{"line":18,"column":6},"end":{"line":39,"column":7}},"type":"if","locations":[{"start":{"line":18,"column":6},"end":{"line":39,"column":7}},{"start":{"line":18,"column":6},"end":{"line":39,"column":7}}],"line":18},"4":{"loc":{"start":{"line":36,"column":24},"end":{"line":36,"column":44}},"type":"binary-expr","locations":[{"start":{"line":36,"column":24},"end":{"line":36,"column":29}},{"start":{"line":36,"column":33},"end":{"line":36,"column":44}}],"line":36},"5":{"loc":{"start":{"line":42,"column":4},"end":{"line":46,"column":5}},"type":"if","locations":[{"start":{"line":42,"column":4},"end":{"line":46,"column":5}},{"start":{"line":42,"column":4},"end":{"line":46,"column":5}}],"line":42}},"s":{"0":0,"1":0,"2":0,"3":0,"4":0,"5":0,"6":0,"7":0,"8":0,"9":0,"10":0,"11":0,"12":0,"13":0,"14":0,"15":0,"16":0,"17":0,"18":0,"19":0},"f":{"0":0},"b":{"0":[0,0],"1":[0,0],"2":[0,0],"3":[0,0],"4":[0,0],"5":[0,0]},"hash":"57f07f63112d9688d28757004c747a12d6702cc1"}
,"D:\\vuecli4\\src\\api\\user.js": {"path":"D:\\vuecli4\\src\\api\\user.js","statementMap":{"0":{"start":{"line":5,"column":4},"end":{"line":9,"column":6}},"1":{"start":{"line":11,"column":4},"end":{"line":14,"column":6}}},"fnMap":{"0":{"name":"(anonymous_0)","decl":{"start":{"line":4,"column":9},"end":{"line":4,"column":10}},"loc":{"start":{"line":5,"column":4},"end":{"line":9,"column":6}},"line":5},"1":{"name":"(anonymous_1)","decl":{"start":{"line":10,"column":15},"end":{"line":10,"column":16}},"loc":{"start":{"line":11,"column":4},"end":{"line":14,"column":6}},"line":11}},"branchMap":{},"s":{"0":0,"1":0},"f":{"0":0,"1":0},"b":{},"hash":"8a6d64a30286a5962512d427276b6ec50f41e093"}
,"D:\\vuecli4\\src\\directive\\permission.js": {"path":"D:\\vuecli4\\src\\directive\\permission.js","statementMap":{"0":{"start":{"line":3,"column":19},"end":{"line":18,"column":1}},"1":{"start":{"line":5,"column":30},"end":{"line":5,"column":37}},"2":{"start":{"line":6,"column":18},"end":{"line":6,"column":54}},"3":{"start":{"line":7,"column":4},"end":{"line":16,"column":5}},"4":{"start":{"line":8,"column":28},"end":{"line":10,"column":8}},"5":{"start":{"line":9,"column":8},"end":{"line":9,"column":37}},"6":{"start":{"line":11,"column":6},"end":{"line":13,"column":7}},"7":{"start":{"line":12,"column":8},"end":{"line":12,"column":55}},"8":{"start":{"line":15,"column":6},"end":{"line":15,"column":62}}},"fnMap":{"0":{"name":"(anonymous_0)","decl":{"start":{"line":4,"column":2},"end":{"line":4,"column":3}},"loc":{"start":{"line":4,"column":24},"end":{"line":17,"column":3}},"line":4},"1":{"name":"(anonymous_1)","decl":{"start":{"line":8,"column":39},"end":{"line":8,"column":40}},"loc":{"start":{"line":8,"column":47},"end":{"line":10,"column":7}},"line":8}},"branchMap":{"0":{"loc":{"start":{"line":6,"column":18},"end":{"line":6,"column":54}},"type":"binary-expr","locations":[{"start":{"line":6,"column":18},"end":{"line":6,"column":31}},{"start":{"line":6,"column":35},"end":{"line":6,"column":54}}],"line":6},"1":{"loc":{"start":{"line":7,"column":4},"end":{"line":16,"column":5}},"type":"if","locations":[{"start":{"line":7,"column":4},"end":{"line":16,"column":5}},{"start":{"line":7,"column":4},"end":{"line":16,"column":5}}],"line":7},"2":{"loc":{"start":{"line":7,"column":8},"end":{"line":7,"column":58}},"type":"binary-expr","locations":[{"start":{"line":7,"column":8},"end":{"line":7,"column":14}},{"start":{"line":7,"column":18},"end":{"line":7,"column":41}},{"start":{"line":7,"column":45},"end":{"line":7,"column":58}}],"line":7},"3":{"loc":{"start":{"line":11,"column":6},"end":{"line":13,"column":7}},"type":"if","locations":[{"start":{"line":11,"column":6},"end":{"line":13,"column":7}},{"start":{"line":11,"column":6},"end":{"line":13,"column":7}}],"line":11},"4":{"loc":{"start":{"line":12,"column":8},"end":{"line":12,"column":54}},"type":"binary-expr","locations":[{"start":{"line":12,"column":8},"end":{"line":12,"column":21}},{"start":{"line":12,"column":25},"end":{"line":12,"column":54}}],"line":12}},"s":{"0":0,"1":0,"2":0,"3":0,"4":0,"5":0,"6":0,"7":0,"8":0},"f":{"0":0,"1":0},"b":{"0":[0,0],"1":[0,0],"2":[0,0,0],"3":[0,0],"4":[0,0]},"hash":"0aabe61dd83a1d1d714c5b38b8ac8cb9379aa6b2"}
,"D:\\vuecli4\\src\\icons\\index.js": {"path":"D:\\vuecli4\\src\\icons\\index.js","statementMap":{"0":{"start":{"line":4,"column":12},"end":{"line":4,"column":53}},"1":{"start":{"line":5,"column":0},"end":{"line":5,"column":20}},"2":{"start":{"line":7,"column":0},"end":{"line":7,"column":35}}},"fnMap":{},"branchMap":{},"s":{"0":0,"1":0,"2":0},"f":{},"b":{},"hash":"16ab1af02454116059374342bd3425d28736ce8d"}
,"D:\\vuecli4\\src\\router\\index.js": {"path":"D:\\vuecli4\\src\\router\\index.js","statementMap":{"0":{"start":{"line":5,"column":0},"end":{"line":5,"column":19}},"1":{"start":{"line":7,"column":27},"end":{"line":29,"column":1}},"2":{"start":{"line":10,"column":21},"end":{"line":10,"column":48}},"3":{"start":{"line":20,"column":25},"end":{"line":20,"column":51}},"4":{"start":{"line":32,"column":27},"end":{"line":94,"column":1}},"5":{"start":{"line":40,"column":25},"end":{"line":40,"column":52}},"6":{"start":{"line":50,"column":25},"end":{"line":50,"column":53}},"7":{"start":{"line":60,"column":29},"end":{"line":60,"column":57}},"8":{"start":{"line":70,"column":33},"end":{"line":70,"column":60}},"9":{"start":{"line":80,"column":33},"end":{"line":80,"column":60}},"10":{"start":{"line":96,"column":15},"end":{"line":100,"column":2}}},"fnMap":{"0":{"name":"(anonymous_0)","decl":{"start":{"line":10,"column":15},"end":{"line":10,"column":16}},"loc":{"start":{"line":10,"column":21},"end":{"line":10,"column":48}},"line":10},"1":{"name":"(anonymous_1)","decl":{"start":{"line":20,"column":19},"end":{"line":20,"column":20}},"loc":{"start":{"line":20,"column":25},"end":{"line":20,"column":51}},"line":20},"2":{"name":"(anonymous_2)","decl":{"start":{"line":40,"column":19},"end":{"line":40,"column":20}},"loc":{"start":{"line":40,"column":25},"end":{"line":40,"column":52}},"line":40},"3":{"name":"(anonymous_3)","decl":{"start":{"line":50,"column":19},"end":{"line":50,"column":20}},"loc":{"start":{"line":50,"column":25},"end":{"line":50,"column":53}},"line":50},"4":{"name":"(anonymous_4)","decl":{"start":{"line":60,"column":23},"end":{"line":60,"column":24}},"loc":{"start":{"line":60,"column":29},"end":{"line":60,"column":57}},"line":60},"5":{"name":"(anonymous_5)","decl":{"start":{"line":70,"column":27},"end":{"line":70,"column":28}},"loc":{"start":{"line":70,"column":33},"end":{"line":70,"column":60}},"line":70},"6":{"name":"(anonymous_6)","decl":{"start":{"line":80,"column":27},"end":{"line":80,"column":28}},"loc":{"start":{"line":80,"column":33},"end":{"line":80,"column":60}},"line":80}},"branchMap":{},"s":{"0":0,"1":0,"2":0,"3":0,"4":0,"5":0,"6":0,"7":0,"8":0,"9":0,"10":0},"f":{"0":0,"1":0,"2":0,"3":0,"4":0,"5":0,"6":0},"b":{},"hash":"6b52c27f66cdce0f5e2130672bc9d5acaa5acb0d"}
,"D:\\vuecli4\\src\\store\\index.js": {"path":"D:\\vuecli4\\src\\store\\index.js","statementMap":{"0":{"start":{"line":5,"column":0},"end":{"line":5,"column":14}},"1":{"start":{"line":7,"column":14},"end":{"line":14,"column":2}},"2":{"start":{"line":10,"column":20},"end":{"line":10,"column":36}},"3":{"start":{"line":11,"column":32},"end":{"line":11,"column":55}},"4":{"start":{"line":12,"column":20},"end":{"line":12,"column":36}}},"fnMap":{"0":{"name":"(anonymous_0)","decl":{"start":{"line":10,"column":11},"end":{"line":10,"column":12}},"loc":{"start":{"line":10,"column":20},"end":{"line":10,"column":36}},"line":10},"1":{"name":"(anonymous_1)","decl":{"start":{"line":11,"column":23},"end":{"line":11,"column":24}},"loc":{"start":{"line":11,"column":32},"end":{"line":11,"column":55}},"line":11},"2":{"name":"(anonymous_2)","decl":{"start":{"line":12,"column":11},"end":{"line":12,"column":12}},"loc":{"start":{"line":12,"column":20},"end":{"line":12,"column":36}},"line":12}},"branchMap":{},"s":{"0":0,"1":0,"2":0,"3":0,"4":0},"f":{"0":0,"1":0,"2":0},"b":{},"hash":"2b75c61aaf3c150b205be1e9a6c0cc8a934f51a8"}
,"D:\\vuecli4\\src\\store\\modules\\permission.js": {"path":"D:\\vuecli4\\src\\store\\modules\\permission.js","statementMap":{"0":{"start":{"line":10,"column":2},"end":{"line":15,"column":3}},"1":{"start":{"line":12,"column":4},"end":{"line":12,"column":63}},"2":{"start":{"line":12,"column":30},"end":{"line":12,"column":61}},"3":{"start":{"line":14,"column":4},"end":{"line":14,"column":16}},"4":{"start":{"line":24,"column":14},"end":{"line":24,"column":16}},"5":{"start":{"line":25,"column":2},"end":{"line":34,"column":5}},"6":{"start":{"line":26,"column":16},"end":{"line":26,"column":28}},"7":{"start":{"line":27,"column":4},"end":{"line":33,"column":5}},"8":{"start":{"line":28,"column":6},"end":{"line":31,"column":7}},"9":{"start":{"line":29,"column":8},"end":{"line":29,"column":62}},"10":{"start":{"line":30,"column":8},"end":{"line":30,"column":34}},"11":{"start":{"line":32,"column":6},"end":{"line":32,"column":20}},"12":{"start":{"line":35,"column":2},"end":{"line":35,"column":13}},"13":{"start":{"line":38,"column":14},"end":{"line":41,"column":1}},"14":{"start":{"line":43,"column":18},"end":{"line":48,"column":1}},"15":{"start":{"line":45,"column":4},"end":{"line":45,"column":29}},"16":{"start":{"line":46,"column":4},"end":{"line":46,"column":46}},"17":{"start":{"line":50,"column":16},"end":{"line":63,"column":1}},"18":{"start":{"line":52,"column":4},"end":{"line":61,"column":7}},"19":{"start":{"line":54,"column":6},"end":{"line":58,"column":7}},"20":{"start":{"line":55,"column":8},"end":{"line":55,"column":43}},"21":{"start":{"line":57,"column":8},"end":{"line":57,"column":63}},"22":{"start":{"line":59,"column":6},"end":{"line":59,"column":43}},"23":{"start":{"line":60,"column":6},"end":{"line":60,"column":30}}},"fnMap":{"0":{"name":"hasPermission","decl":{"start":{"line":8,"column":9},"end":{"line":8,"column":22}},"loc":{"start":{"line":8,"column":37},"end":{"line":16,"column":1}},"line":8},"1":{"name":"(anonymous_1)","decl":{"start":{"line":12,"column":22},"end":{"line":12,"column":23}},"loc":{"start":{"line":12,"column":30},"end":{"line":12,"column":61}},"line":12},"2":{"name":"filterAsyncRoutes","decl":{"start":{"line":23,"column":16},"end":{"line":23,"column":33}},"loc":{"start":{"line":23,"column":49},"end":{"line":36,"column":1}},"line":23},"3":{"name":"(anonymous_3)","decl":{"start":{"line":25,"column":17},"end":{"line":25,"column":18}},"loc":{"start":{"line":25,"column":26},"end":{"line":34,"column":3}},"line":25},"4":{"name":"(anonymous_4)","decl":{"start":{"line":44,"column":14},"end":{"line":44,"column":15}},"loc":{"start":{"line":44,"column":33},"end":{"line":47,"column":3}},"line":44},"5":{"name":"(anonymous_5)","decl":{"start":{"line":51,"column":2},"end":{"line":51,"column":3}},"loc":{"start":{"line":51,"column":36},"end":{"line":62,"column":3}},"line":51},"6":{"name":"(anonymous_6)","decl":{"start":{"line":52,"column":23},"end":{"line":52,"column":24}},"loc":{"start":{"line":52,"column":34},"end":{"line":61,"column":5}},"line":52}},"branchMap":{"0":{"loc":{"start":{"line":10,"column":2},"end":{"line":15,"column":3}},"type":"if","locations":[{"start":{"line":10,"column":2},"end":{"line":15,"column":3}},{"start":{"line":10,"column":2},"end":{"line":15,"column":3}}],"line":10},"1":{"loc":{"start":{"line":10,"column":6},"end":{"line":10,"column":36}},"type":"binary-expr","locations":[{"start":{"line":10,"column":6},"end":{"line":10,"column":16}},{"start":{"line":10,"column":20},"end":{"line":10,"column":36}}],"line":10},"2":{"loc":{"start":{"line":27,"column":4},"end":{"line":33,"column":5}},"type":"if","locations":[{"start":{"line":27,"column":4},"end":{"line":33,"column":5}},{"start":{"line":27,"column":4},"end":{"line":33,"column":5}}],"line":27},"3":{"loc":{"start":{"line":28,"column":6},"end":{"line":31,"column":7}},"type":"if","locations":[{"start":{"line":28,"column":6},"end":{"line":31,"column":7}},{"start":{"line":28,"column":6},"end":{"line":31,"column":7}}],"line":28},"4":{"loc":{"start":{"line":54,"column":6},"end":{"line":58,"column":7}},"type":"if","locations":[{"start":{"line":54,"column":6},"end":{"line":58,"column":7}},{"start":{"line":54,"column":6},"end":{"line":58,"column":7}}],"line":54},"5":{"loc":{"start":{"line":55,"column":25},"end":{"line":55,"column":42}},"type":"binary-expr","locations":[{"start":{"line":55,"column":25},"end":{"line":55,"column":36}},{"start":{"line":55,"column":40},"end":{"line":55,"column":42}}],"line":55}},"s":{"0":0,"1":0,"2":0,"3":0,"4":0,"5":0,"6":0,"7":0,"8":0,"9":0,"10":0,"11":0,"12":0,"13":0,"14":0,"15":0,"16":0,"17":0,"18":0,"19":0,"20":0,"21":0,"22":0,"23":0},"f":{"0":0,"1":0,"2":0,"3":0,"4":0,"5":0,"6":0},"b":{"0":[0,0],"1":[0,0],"2":[0,0],"3":[0,0],"4":[0,0],"5":[0,0]},"hash":"48ffe073f6df73d180e4cffb95af9ed3d0a3bc27"}
,"D:\\vuecli4\\src\\store\\modules\\user.js": {"path":"D:\\vuecli4\\src\\store\\modules\\user.js","statementMap":{"0":{"start":{"line":4,"column":31},"end":{"line":4,"column":35}},"1":{"start":{"line":6,"column":14},"end":{"line":9,"column":1}},"2":{"start":{"line":11,"column":18},"end":{"line":18,"column":1}},"3":{"start":{"line":13,"column":4},"end":{"line":13,"column":24}},"4":{"start":{"line":16,"column":4},"end":{"line":16,"column":24}},"5":{"start":{"line":20,"column":16},"end":{"line":63,"column":1}},"6":{"start":{"line":22,"column":25},"end":{"line":22,"column":33}},"7":{"start":{"line":23,"column":4},"end":{"line":26,"column":7}},"8":{"start":{"line":24,"column":6},"end":{"line":24,"column":36}},"9":{"start":{"line":25,"column":6},"end":{"line":25,"column":25}},"10":{"start":{"line":40,"column":4},"end":{"line":44,"column":7}},"11":{"start":{"line":41,"column":6},"end":{"line":41,"column":25}},"12":{"start":{"line":42,"column":6},"end":{"line":42,"column":36}},"13":{"start":{"line":43,"column":6},"end":{"line":43,"column":33}},"14":{"start":{"line":54,"column":4},"end":{"line":61,"column":7}},"15":{"start":{"line":55,"column":6},"end":{"line":60,"column":15}},"16":{"start":{"line":56,"column":8},"end":{"line":56,"column":32}},"17":{"start":{"line":57,"column":8},"end":{"line":57,"column":32}},"18":{"start":{"line":58,"column":8},"end":{"line":58,"column":22}},"19":{"start":{"line":59,"column":8},"end":{"line":59,"column":18}}},"fnMap":{"0":{"name":"(anonymous_0)","decl":{"start":{"line":12,"column":13},"end":{"line":12,"column":14}},"loc":{"start":{"line":12,"column":31},"end":{"line":14,"column":3}},"line":12},"1":{"name":"(anonymous_1)","decl":{"start":{"line":15,"column":13},"end":{"line":15,"column":14}},"loc":{"start":{"line":15,"column":31},"end":{"line":17,"column":3}},"line":15},"2":{"name":"(anonymous_2)","decl":{"start":{"line":21,"column":2},"end":{"line":21,"column":3}},"loc":{"start":{"line":21,"column":30},"end":{"line":38,"column":3}},"line":21},"3":{"name":"(anonymous_3)","decl":{"start":{"line":23,"column":36},"end":{"line":23,"column":37}},"loc":{"start":{"line":23,"column":43},"end":{"line":26,"column":5}},"line":23},"4":{"name":"(anonymous_4)","decl":{"start":{"line":39,"column":2},"end":{"line":39,"column":3}},"loc":{"start":{"line":39,"column":29},"end":{"line":52,"column":3}},"line":39},"5":{"name":"(anonymous_5)","decl":{"start":{"line":40,"column":30},"end":{"line":40,"column":31}},"loc":{"start":{"line":40,"column":37},"end":{"line":44,"column":5}},"line":40},"6":{"name":"(anonymous_6)","decl":{"start":{"line":53,"column":2},"end":{"line":53,"column":3}},"loc":{"start":{"line":53,"column":26},"end":{"line":62,"column":3}},"line":53},"7":{"name":"(anonymous_7)","decl":{"start":{"line":54,"column":23},"end":{"line":54,"column":24}},"loc":{"start":{"line":54,"column":34},"end":{"line":61,"column":5}},"line":54},"8":{"name":"(anonymous_8)","decl":{"start":{"line":55,"column":17},"end":{"line":55,"column":18}},"loc":{"start":{"line":55,"column":23},"end":{"line":60,"column":7}},"line":55}},"branchMap":{},"s":{"0":0,"1":0,"2":0,"3":0,"4":0,"5":0,"6":0,"7":0,"8":0,"9":0,"10":0,"11":0,"12":0,"13":0,"14":0,"15":0,"16":0,"17":0,"18":0,"19":0},"f":{"0":0,"1":0,"2":0,"3":0,"4":0,"5":0,"6":0,"7":0,"8":0},"b":{},"hash":"de44b31232c1c1d0f1216ec065530651f531a9a5"}
,"D:\\vuecli4\\src\\utils\\auth.js": {"path":"D:\\vuecli4\\src\\utils\\auth.js","statementMap":{"0":{"start":{"line":3,"column":14},"end":{"line":3,"column":21}},"1":{"start":{"line":5,"column":24},"end":{"line":7,"column":1}},"2":{"start":{"line":6,"column":2},"end":{"line":6,"column":28}},"3":{"start":{"line":9,"column":24},"end":{"line":11,"column":1}},"4":{"start":{"line":10,"column":2},"end":{"line":10,"column":35}},"5":{"start":{"line":13,"column":27},"end":{"line":15,"column":1}},"6":{"start":{"line":14,"column":2},"end":{"line":14,"column":31}}},"fnMap":{"0":{"name":"(anonymous_0)","decl":{"start":{"line":5,"column":24},"end":{"line":5,"column":25}},"loc":{"start":{"line":5,"column":35},"end":{"line":7,"column":1}},"line":5},"1":{"name":"(anonymous_1)","decl":{"start":{"line":9,"column":24},"end":{"line":9,"column":25}},"loc":{"start":{"line":9,"column":40},"end":{"line":11,"column":1}},"line":9},"2":{"name":"(anonymous_2)","decl":{"start":{"line":13,"column":27},"end":{"line":13,"column":28}},"loc":{"start":{"line":13,"column":38},"end":{"line":15,"column":1}},"line":13}},"branchMap":{},"s":{"0":0,"1":0,"2":0,"3":0,"4":0,"5":0,"6":0},"f":{"0":0,"1":0,"2":0},"b":{},"hash":"07b99d13103b1700d6b7eb86eb5ea6b202ce56de"}
,"D:\\vuecli4\\src\\utils\\request.js": {"path":"D:\\vuecli4\\src\\utils\\request.js","statementMap":{"0":{"start":{"line":8,"column":16},"end":{"line":12,"column":2}},"1":{"start":{"line":16,"column":0},"end":{"line":27,"column":2}},"2":{"start":{"line":18,"column":4},"end":{"line":20,"column":5}},"3":{"start":{"line":19,"column":6},"end":{"line":19,"column":43}},"4":{"start":{"line":21,"column":4},"end":{"line":21,"column":18}},"5":{"start":{"line":25,"column":4},"end":{"line":25,"column":33}},"6":{"start":{"line":31,"column":0},"end":{"line":72,"column":2}},"7":{"start":{"line":33,"column":4},"end":{"line":33,"column":26}},"8":{"start":{"line":34,"column":16},"end":{"line":34,"column":29}},"9":{"start":{"line":36,"column":4},"end":{"line":62,"column":5}},"10":{"start":{"line":37,"column":6},"end":{"line":41,"column":9}},"11":{"start":{"line":43,"column":6},"end":{"line":58,"column":7}},"12":{"start":{"line":49,"column":8},"end":{"line":57,"column":11}},"13":{"start":{"line":54,"column":10},"end":{"line":56,"column":13}},"14":{"start":{"line":55,"column":12},"end":{"line":55,"column":30}},"15":{"start":{"line":59,"column":6},"end":{"line":59,"column":63}},"16":{"start":{"line":61,"column":6},"end":{"line":61,"column":17}},"17":{"start":{"line":65,"column":4},"end":{"line":69,"column":7}},"18":{"start":{"line":70,"column":4},"end":{"line":70,"column":33}}},"fnMap":{"0":{"name":"(anonymous_0)","decl":{"start":{"line":17,"column":2},"end":{"line":17,"column":3}},"loc":{"start":{"line":17,"column":12},"end":{"line":22,"column":3}},"line":17},"1":{"name":"(anonymous_1)","decl":{"start":{"line":23,"column":2},"end":{"line":23,"column":3}},"loc":{"start":{"line":23,"column":11},"end":{"line":26,"column":3}},"line":23},"2":{"name":"(anonymous_2)","decl":{"start":{"line":32,"column":2},"end":{"line":32,"column":3}},"loc":{"start":{"line":32,"column":14},"end":{"line":63,"column":3}},"line":32},"3":{"name":"(anonymous_3)","decl":{"start":{"line":53,"column":16},"end":{"line":53,"column":17}},"loc":{"start":{"line":53,"column":22},"end":{"line":57,"column":9}},"line":53},"4":{"name":"(anonymous_4)","decl":{"start":{"line":54,"column":50},"end":{"line":54,"column":51}},"loc":{"start":{"line":54,"column":56},"end":{"line":56,"column":11}},"line":54},"5":{"name":"(anonymous_5)","decl":{"start":{"line":64,"column":2},"end":{"line":64,"column":3}},"loc":{"start":{"line":64,"column":11},"end":{"line":71,"column":3}},"line":64}},"branchMap":{"0":{"loc":{"start":{"line":18,"column":4},"end":{"line":20,"column":5}},"type":"if","locations":[{"start":{"line":18,"column":4},"end":{"line":20,"column":5}},{"start":{"line":18,"column":4},"end":{"line":20,"column":5}}],"line":18},"1":{"loc":{"start":{"line":36,"column":4},"end":{"line":62,"column":5}},"type":"if","locations":[{"start":{"line":36,"column":4},"end":{"line":62,"column":5}},{"start":{"line":36,"column":4},"end":{"line":62,"column":5}}],"line":36},"2":{"loc":{"start":{"line":38,"column":17},"end":{"line":38,"column":39}},"type":"binary-expr","locations":[{"start":{"line":38,"column":17},"end":{"line":38,"column":28}},{"start":{"line":38,"column":32},"end":{"line":38,"column":39}}],"line":38},"3":{"loc":{"start":{"line":43,"column":6},"end":{"line":58,"column":7}},"type":"if","locations":[{"start":{"line":43,"column":6},"end":{"line":58,"column":7}},{"start":{"line":43,"column":6},"end":{"line":58,"column":7}}],"line":43},"4":{"loc":{"start":{"line":44,"column":8},"end":{"line":46,"column":29}},"type":"binary-expr","locations":[{"start":{"line":44,"column":8},"end":{"line":44,"column":28}},{"start":{"line":45,"column":8},"end":{"line":45,"column":28}},{"start":{"line":46,"column":8},"end":{"line":46,"column":29}}],"line":44},"5":{"loc":{"start":{"line":59,"column":38},"end":{"line":59,"column":60}},"type":"binary-expr","locations":[{"start":{"line":59,"column":38},"end":{"line":59,"column":49}},{"start":{"line":59,"column":53},"end":{"line":59,"column":60}}],"line":59}},"s":{"0":0,"1":0,"2":0,"3":0,"4":0,"5":0,"6":0,"7":0,"8":0,"9":0,"10":0,"11":0,"12":0,"13":0,"14":0,"15":0,"16":0,"17":0,"18":0},"f":{"0":0,"1":0,"2":0,"3":0,"4":0,"5":0},"b":{"0":[0,0],"1":[0,0],"2":[0,0],"3":[0,0],"4":[0,0,0],"5":[0,0]},"hash":"c7c9063950281da738e03061ca7aad5b5013db3c"}
}
